2025-03-04 18:55:17,095 [Worker-5: Loading available Gradle versions] INFO  o.e.b.c.i.u.g.PublishedGradleVersions - Gradle version information cache is up-to-date. Trying to read.
2025-03-04 18:57:41,003 [Worker-3: Creating project "fit.se.iuh"] INFO  o.e.m.c.i.l.LifecycleMappingFactory - Using org.eclipse.m2e.jdt.JarLifecycleMapping lifecycle mapping for MavenProject: fit.se.iuh:fit.se.iuh:0.0.1-SNAPSHOT @ T:\21132901_TranTrungHieu\fit.se.iuh\pom.xml.
2025-03-04 18:57:42,780 [Worker-3: Creating project "fit.se.iuh"] INFO  o.e.m.j.i.AbstractJavaProjectConfigurator - Adding source folder /fit.se.iuh/src/main/java
2025-03-04 18:57:42,781 [Worker-3: Creating project "fit.se.iuh"] INFO  o.e.m.j.i.AbstractJavaProjectConfigurator - Adding resource folder /fit.se.iuh/src/main/resources
2025-03-04 18:57:42,783 [Worker-3: Creating project "fit.se.iuh"] INFO  o.e.m.j.i.AbstractJavaProjectConfigurator - Adding source folder /fit.se.iuh/src/test/java
2025-03-04 18:57:42,783 [Worker-3: Creating project "fit.se.iuh"] INFO  o.e.m.j.i.AbstractJavaProjectConfigurator - Adding resource folder /fit.se.iuh/src/test/resources
2025-03-04 18:57:44,313 [Worker-31: Building] WARN  o.a.m.s.f.DefaultMavenResourcesFiltering - Using platform encoding (Cp1252 actually) to copy filtered resources, i.e. build is platform dependent!
2025-03-04 18:57:44,316 [Worker-31: Building] INFO  o.a.m.s.f.DefaultMavenResourcesFiltering - Copying 0 resource from src\main\resources to target\classes
2025-03-04 18:57:44,319 [Worker-31: Building] WARN  o.a.m.s.f.DefaultMavenResourcesFiltering - Using platform encoding (Cp1252 actually) to copy filtered resources, i.e. build is platform dependent!
2025-03-04 18:57:44,319 [Worker-31: Building] INFO  o.a.m.s.f.DefaultMavenResourcesFiltering - Copying 0 resource from src\test\resources to target\test-classes
2025-03-04 18:59:21,207 [Worker-19: Creating project "21132901_TranTrungHieu"] INFO  o.e.m.c.i.l.LifecycleMappingFactory - Using org.eclipse.m2e.jdt.JarLifecycleMapping lifecycle mapping for MavenProject: fit.se.iuh:21132901_TranTrungHieu:0.0.1-SNAPSHOT @ T:\21132901_TranTrungHieu\21132901_TranTrungHieu\pom.xml.
2025-03-04 18:59:21,226 [Worker-19: Creating project "21132901_TranTrungHieu"] INFO  o.e.m.j.i.AbstractJavaProjectConfigurator - Adding source folder /21132901_TranTrungHieu/src/main/java
2025-03-04 18:59:21,226 [Worker-19: Creating project "21132901_TranTrungHieu"] INFO  o.e.m.j.i.AbstractJavaProjectConfigurator - Adding resource folder /21132901_TranTrungHieu/src/main/resources
2025-03-04 18:59:21,226 [Worker-19: Creating project "21132901_TranTrungHieu"] INFO  o.e.m.j.i.AbstractJavaProjectConfigurator - Adding source folder /21132901_TranTrungHieu/src/test/java
2025-03-04 18:59:21,226 [Worker-19: Creating project "21132901_TranTrungHieu"] INFO  o.e.m.j.i.AbstractJavaProjectConfigurator - Adding resource folder /21132901_TranTrungHieu/src/test/resources
2025-03-04 18:59:21,420 [Worker-30: Building] WARN  o.a.m.s.f.DefaultMavenResourcesFiltering - Using platform encoding (Cp1252 actually) to copy filtered resources, i.e. build is platform dependent!
2025-03-04 18:59:21,421 [Worker-30: Building] INFO  o.a.m.s.f.DefaultMavenResourcesFiltering - Copying 0 resource from src\main\resources to target\classes
2025-03-04 18:59:21,422 [Worker-30: Building] WARN  o.a.m.s.f.DefaultMavenResourcesFiltering - Using platform encoding (Cp1252 actually) to copy filtered resources, i.e. build is platform dependent!
2025-03-04 18:59:21,423 [Worker-30: Building] INFO  o.a.m.s.f.DefaultMavenResourcesFiltering - Copying 0 resource from src\test\resources to target\test-classes
2025-03-05 00:09:32,505 [Worker-4: Loading available Gradle versions] INFO  o.e.b.c.i.u.g.PublishedGradleVersions - Gradle version information cache is out-of-date. Trying to update.
2025-03-05 00:25:09,824 [Worker-4: Loading available Gradle versions] INFO  o.e.b.c.i.u.g.PublishedGradleVersions - Gradle version information cache is up-to-date. Trying to read.
